
--- Job finalbalancing.gms Start 03/09/12 13:41:01 WEX-WEI 23.2.1 x86_64/MS Windows     
GAMS Rev 232  Copyright (C) 1987-2009 GAMS Development. All rights reserved
Licensee: Institute of Nuclear and New Energy Technology G101217:1031AV-WIN
          TsingHua Univerrsity                                       DC8455
          License for teaching and research at degree granting institutions
--- Starting compilation
--- finalbalancing.gms(128) 3 Mb
--- GDXin=C:\Users\dzhang\data\ChinaBalancedSAM\/data/gdx/aggregation.gdx
--- finalbalancing.gms(131) 4 Mb
--- GDXin=C:\Users\dzhang\data\ChinaBalancedSAM\/data/gdx/egygdx/estimation/merged.gdx
--- finalbalancing.gms(134) 4 Mb
--- GDXin=C:\Users\dzhang\data\ChinaBalancedSAM\/data/gdx/egygdx/oilgasratio.gdx
--- finalbalancing.gms(137) 4 Mb
--- GDXin=C:\Users\dzhang\data\ChinaBalancedSAM\/data/gdx/egygdx/pricerange.gdx
--- finalbalancing.gms(447) 4 Mb
--- Starting execution: elapsed 0:00:00.011
--- finalbalancing.gms(245) 7 Mb
*** Error at line 247: division by zero (0)
--- finalbalancing.gms(245) 7 Mb 1 Error
*** Error at line 248: division by zero (0)
--- finalbalancing.gms(332) 9 Mb 2 Errors
*** Status: Execution error(s)
--- Job finalbalancing.gms Stop 03/09/12 13:41:03 elapsed 0:00:01.595
Exit code = 3
